<?xml version="1.0" encoding="UTF-8"?>
<!-- Generated by org.testng.reporters.JUnitXMLReporter -->
<testsuite hostname="laptop" name="Command line test 62d01efd-9633-49e6-8828-a78c71587031" tests="2" failures="1" timestamp="8 Jul 2020 12:03:54 GMT" time="116.189" errors="0">
  <testcase name="feature" time="36.782" classname="runner.TestRunner1">
    <failure type="cucumber.runtime.CucumberException" message="java.lang.NullPointerException">
      <![CDATA[cucumber.runtime.CucumberException: java.lang.NullPointerException
	at cucumber.api.testng.TestNGCucumberRunner.runCucumber(TestNGCucumberRunner.java:69)
	at runner.TestRunner1.feature(TestRunner1.java:41)
	at org.apache.maven.surefire.testng.TestNGExecutor.run(TestNGExecutor.java:91)
	at org.apache.maven.surefire.testng.TestNGDirectoryTestSuite.executeSingleClass(TestNGDirectoryTestSuite.java:128)
	at org.apache.maven.surefire.testng.TestNGDirectoryTestSuite.executeLazy(TestNGDirectoryTestSuite.java:140)
	at org.apache.maven.surefire.testng.TestNGDirectoryTestSuite.execute(TestNGDirectoryTestSuite.java:103)
	at org.apache.maven.surefire.testng.TestNGProvider.invoke(TestNGProvider.java:113)
	at org.apache.maven.surefire.booter.ForkedBooter.invokeProviderInSameClassLoader(ForkedBooter.java:200)
	at org.apache.maven.surefire.booter.ForkedBooter.runSuitesInProcess(ForkedBooter.java:153)
	at org.apache.maven.surefire.booter.ForkedBooter.main(ForkedBooter.java:103)
Caused by: java.lang.NullPointerException
	at pageObjectpackage.MobilePage.addtocarttenmobile(MobilePage.java:115)
	at stepdefinitions.Steps.user_added_ten_phones_to_cart(Steps.java:338)
	at ✽.Then User added ten phones to cart(AddCart.feature:8)
... Removed 21 stack frames]]>
    </failure>
  </testcase> <!-- feature -->
  <testcase name="feature" time="78.529" classname="runner.TestRunner1"/>
</testsuite> <!-- Command line test 62d01efd-9633-49e6-8828-a78c71587031 -->
